<?xml version="1.0" encoding="UTF-8"?>
<!-- Generated by org.testng.reporters.JUnitReportReporter -->
<testsuite hostname="DESKTOP-3EISRP8" failures="0" tests="4" name="testngprogram.TestNg_DecriptionFeature" time="65.059" errors="0" timestamp="2023-02-09T19:14:59 GMT-08:00" skipped="1">
  <testcase classname="testngprogram.TestNg_DecriptionFeature" name="testcase1" time="2.813"/>
  <system-out/>
  <testcase classname="testngprogram.TestNg_DecriptionFeature" name="testcase3" time="57.785"/>
  <system-out/>
  <testcase classname="testngprogram.TestNg_DecriptionFeature" name="testcase4" time="4.461"/>
  <system-out/>
  <testcase classname="testngprogram.TestNg_DecriptionFeature" name="testcase2">
    <skipped/>
  </testcase> <!-- testcase2 -->
  <system-out/>
</testsuite> <!-- testngprogram.TestNg_DecriptionFeature -->
