<?xml version="1.0" encoding="UTF-8"?>
<!-- Generated by org.testng.reporters.JUnitReportReporter -->
<testsuite hostname="DESKTOP-3EISRP8" failures="0" tests="2" name="testngprogram.TestNg_DependenceMethod" time="10.719" errors="0" timestamp="2023-02-08T22:25:25 GMT-08:00" skipped="0">
  <testcase classname="testngprogram.TestNg_DependenceMethod" name="method2" time="7.093"/>
  <system-out/>
  <testcase classname="testngprogram.TestNg_DependenceMethod" name="method1" time="3.626"/>
  <system-out/>
</testsuite> <!-- testngprogram.TestNg_DependenceMethod -->
