<?xml version="1.0" encoding="UTF-8"?>
<!-- Generated by org.testng.reporters.JUnitReportReporter -->
<testsuite hostname="DESKTOP-3EISRP8" failures="0" tests="2" name="alertbutton.AlertScrollDownUP" time="15.599" errors="0" timestamp="2023-02-13T00:54:51 GMT-08:00" skipped="0">
  <testcase classname="alertbutton.AlertScrollDownUP" name="ScrollUp" time="3.040"/>
  <system-out/>
  <testcase classname="alertbutton.AlertScrollDownUP" name="ScrollDown" time="12.559"/>
  <system-out/>
</testsuite> <!-- alertbutton.AlertScrollDownUP -->
