<?xml version="1.0" encoding="UTF-8"?>
<!-- Generated by org.testng.reporters.JUnitReportReporter -->
<testsuite hostname="DESKTOP-3EISRP8" failures="0" tests="1" name="alertbutton.AlertScrollDownUP" time="6.228" errors="0" timestamp="2023-02-12T21:28:23 GMT-08:00" skipped="0">
  <testcase classname="alertbutton.AlertScrollDownUP" name="ScrollDown" time="6.228"/>
  <system-out/>
</testsuite> <!-- alertbutton.AlertScrollDownUP -->
