<?xml version="1.0" encoding="UTF-8"?>
<!-- Generated by org.testng.reporters.JUnitReportReporter -->
<testsuite hostname="DESKTOP-3EISRP8" failures="0" tests="1" name="testngprogram.TestNg_AlphabaticalOrder" time="1.991" errors="0" timestamp="2023-02-08T22:03:13 GMT-08:00" skipped="0">
  <testcase classname="testngprogram.TestNg_AlphabaticalOrder" name="selenium" time="1.991"/>
  <system-out/>
</testsuite> <!-- testngprogram.TestNg_AlphabaticalOrder -->
