<?xml version="1.0" encoding="UTF-8"?>
<!-- Generated by org.testng.reporters.JUnitReportReporter -->
<testsuite hostname="DESKTOP-3EISRP8" failures="0" tests="1" name="alertbutton.AlertCancel" time="56.563" errors="0" timestamp="2023-02-12T23:09:56 GMT-08:00" skipped="0">
  <testcase classname="alertbutton.AlertCancel" name="alertcancel" time="56.563"/>
  <system-out/>
</testsuite> <!-- alertbutton.AlertCancel -->
