<?xml version="1.0" encoding="UTF-8"?>
<!-- Generated by org.testng.reporters.JUnitReportReporter -->
<testsuite hostname="DESKTOP-3EISRP8" failures="0" tests="1" name="alertbutton.AlertButton" time="15.248" errors="0" timestamp="2023-02-12T23:05:43 GMT-08:00" skipped="0">
  <testcase classname="alertbutton.AlertButton" name="alertbutton" time="15.248"/>
  <system-out/>
</testsuite> <!-- alertbutton.AlertButton -->
