<?xml version="1.0" encoding="UTF-8"?>
<!-- Generated by org.testng.reporters.JUnitReportReporter -->
<testsuite hostname="DESKTOP-3EISRP8" failures="0" tests="3" name="testngprogram.TestNgGroupTestCase" time="5.169" errors="0" timestamp="2023-02-12T19:47:50 GMT-08:00" skipped="0">
  <testcase classname="testngprogram.TestNgGroupTestCase" name="twitter" time="2.231"/>
  <system-out/>
  <testcase classname="testngprogram.TestNgGroupTestCase" name="facebook" time="1.468"/>
  <system-out/>
  <testcase classname="testngprogram.TestNgGroupTestCase" name="whatapp" time="1.470"/>
  <system-out/>
</testsuite> <!-- testngprogram.TestNgGroupTestCase -->
