<?xml version="1.0" encoding="UTF-8"?>
<!-- Generated by org.testng.reporters.JUnitReportReporter -->
<testsuite hostname="DESKTOP-3EISRP8" failures="0" tests="3" name="testngprogram.TestNg_SkipDown" time="31.367" errors="0" timestamp="2023-02-07T22:43:11 GMT-08:00" skipped="1">
  <testcase classname="testngprogram.TestNg_SkipDown" name="singnin" time="22.925"/>
  <system-out/>
  <testcase classname="testngprogram.TestNg_SkipDown" name="menus" time="8.442"/>
  <system-out/>
  <testcase classname="testngprogram.TestNg_SkipDown" name="register">
    <skipped/>
  </testcase> <!-- register -->
  <system-out/>
</testsuite> <!-- testngprogram.TestNg_SkipDown -->
